<?xml version="1.0" encoding="UTF-8"?>
<!-- Generated by org.testng.reporters.JUnitReportReporter -->
<testsuite hostname="DESKTOP-3O9T5AI" failures="0" tests="1" name="com.EcommereceDomain.iAss.scripts.TestCase1" time="12.967" errors="0" timestamp="2022-09-17T10:12:18 IST" skipped="0">
  <testcase classname="com.EcommereceDomain.iAss.scripts.TestCase1" name="tc1" time="12.967"/>
  <system-out/>
</testsuite> <!-- com.EcommereceDomain.iAss.scripts.TestCase1 -->
