<?xml version="1.0" encoding="UTF-8"?>
<!-- Generated by org.testng.reporters.JUnitReportReporter -->
<testsuite hostname="DESKTOP-3O9T5AI" failures="0" tests="1" name="com.EcommereceDomain.iAss.scripts.TestCase3" time="13.545" errors="0" timestamp="2022-09-17T12:05:25 IST" skipped="0">
  <testcase classname="com.EcommereceDomain.iAss.scripts.TestCase3" name="tc3" time="13.545"/>
  <system-out>
    <![CDATA[Invalid data]]>
  </system-out>
</testsuite> <!-- com.EcommereceDomain.iAss.scripts.TestCase3 -->
