<?xml version="1.0" encoding="UTF-8"?>
<!-- Generated by org.testng.reporters.JUnitReportReporter -->
<testsuite hostname="DESKTOP-3O9T5AI" failures="0" tests="4" name="com.EcommereceDomain.iAss.scripts.TestCase2" time="72.671" errors="0" timestamp="2022-09-17T10:12:18 IST" skipped="0">
  <testcase classname="com.EcommereceDomain.iAss.scripts.TestCase2" name="tc2" time="17.662"/>
  <system-out/>
  <testcase classname="com.EcommereceDomain.iAss.scripts.TestCase2" name="tc2" time="18.887"/>
  <system-out/>
  <testcase classname="com.EcommereceDomain.iAss.scripts.TestCase2" name="tc2" time="17.995"/>
  <system-out/>
  <testcase classname="com.EcommereceDomain.iAss.scripts.TestCase2" name="tc2" time="18.127"/>
  <system-out/>
</testsuite> <!-- com.EcommereceDomain.iAss.scripts.TestCase2 -->
